\BOOKMARK [-1][-]{part.1}{Allgemeiner Teil}{}
\BOOKMARK [0][-]{chapter.1}{T\344tigkeitsbild und Orientierung}{part.1}
\BOOKMARK [0][-]{chapter.2}{Betriebsinterne Regelungen}{part.1}
\BOOKMARK [0][-]{chapter.3}{Regionale Besonderheiten}{part.1}
\BOOKMARK [-1][-]{part.2}{Basiswissen \040Modul Rettungssanit\344ter}{}
\BOOKMARK [0][-]{chapter.6}{[90\045 fertig] Rechtliche Grundlagen --- \040RS III}{part.2}
\BOOKMARK [1][-]{section.6.1}{Allgemeine Rechtsgrundlagen}{chapter.6}
\BOOKMARK [2][-]{subsection.6.1.1}{Struktur der \326sterreichischen Rechtsordnung}{section.6.1}
\BOOKMARK [2][-]{subsection.6.1.2}{Vertragsverh\344ltnis im Rettungswesen}{section.6.1}
\BOOKMARK [2][-]{subsection.6.1.3}{Strafbarkeitspr\374fung}{section.6.1}
\BOOKMARK [3][-]{Item.4}{Tatbestandserf\374llung }{subsection.6.1.3}
\BOOKMARK [1][-]{section.6.2}{Ein langer Dienst}{chapter.6}
\BOOKMARK [2][-]{section*.3}{Der Tag beginnt ...}{section.6.2}
\BOOKMARK [2][-]{subsection.6.2.1}{Teil A: Gefahrenbek\344mpfung}{section.6.2}
\BOOKMARK [3][-]{subsubsection.6.2.1.1}{Fall 1. Randalierender Patient}{subsection.6.2.1}
\BOOKMARK [3][-]{subsubsection.6.2.1.2}{Fall 2. Gefahr durch Hund}{subsection.6.2.1}
\BOOKMARK [4][-]{section*.4}{Rechtsfolge}{subsubsection.6.2.1.2}
\BOOKMARK [2][-]{subsection.6.2.2}{Teil B: Heilbehandlung}{section.6.2}
\BOOKMARK [3][-]{subsubsection.6.2.2.1}{Fall 3. Blutzuckermessung = Heilbehandlung}{subsection.6.2.2}
\BOOKMARK [2][-]{subsection.6.2.3}{Teil C: Selbstbestimmungsrecht}{section.6.2}
\BOOKMARK [3][-]{subsubsection.6.2.3.1}{Fall 4. Aufkl\344rung und Einwilligung}{subsection.6.2.3}
\BOOKMARK [3][-]{subsubsection.6.2.3.2}{Fall 5. Patientenverf\374gung}{subsection.6.2.3}
\BOOKMARK [2][-]{subsection.6.2.4}{Teil D: Rechte und Pflichten des Sanit\344ters}{section.6.2}
\BOOKMARK [3][-]{subsubsection.6.2.4.1}{Fall 6. Unterlassung der Notarztnachforderung}{subsection.6.2.4}
\BOOKMARK [3][-]{subsubsection.6.2.4.2}{Fall 7. Sanit\344terkompetenzen}{subsection.6.2.4}
\BOOKMARK [3][-]{subsubsection.6.2.4.3}{Fall 8. Rechtswidrige Anordnung durch Notarzt}{subsection.6.2.4}
\BOOKMARK [3][-]{subsubsection.6.2.4.4}{Fall 9. Dokumentationspflicht}{subsection.6.2.4}
\BOOKMARK [3][-]{subsubsection.6.2.4.5}{Fall 10. Verschwiegenheits- und Auskunftspflicht}{subsection.6.2.4}
\BOOKMARK [4][-]{section*.5}{Rechtsfolge}{subsubsection.6.2.4.5}
\BOOKMARK [3][-]{subsubsection.6.2.4.6}{Fall 11. Fortbildungs- und Rezertifizierungspflicht}{subsection.6.2.4}
\BOOKMARK [2][-]{subsection.6.2.5}{Teil E: Schadenersatz}{section.6.2}
\BOOKMARK [3][-]{subsubsection.6.2.5.1}{Fall 12. Verletzung des Patienten durch Sanit\344ter:}{subsection.6.2.5}
\BOOKMARK [3][-]{subsubsection.6.2.5.2}{Fall 13. Sachbesch\344digung}{subsection.6.2.5}
\BOOKMARK [2][-]{subsection.6.2.6}{Teil F: Behandlungspflicht}{section.6.2}
\BOOKMARK [3][-]{subsubsection.6.2.6.1}{Fall 14. Behandlungspflicht von Krankenanstalten, \304rzten, Sanit\344tern und Durchschnittsb\374rgern:}{subsection.6.2.6}
\BOOKMARK [2][-]{subsection.6.2.7}{Teil G: Meldepflichtenrecht}{section.6.2}
\BOOKMARK [3][-]{subsubsection.6.2.7.1}{Fall 15. Ansteckende Krankheiten}{subsection.6.2.7}
\BOOKMARK [3][-]{subsubsection.6.2.7.2}{Fall 16. Strafbare Handlungen}{subsection.6.2.7}
\BOOKMARK [2][-]{subsection.6.2.8}{Teil H: Stra\337enordnung}{section.6.2}
\BOOKMARK [3][-]{subsubsection.6.2.8.1}{Fall 17. Blaulichtverwendung}{subsection.6.2.8}
\BOOKMARK [0][-]{chapter.7}{Erste Hilfe und erweiterte Erste Hilfe --- \040RS I}{part.2}
\BOOKMARK [0][-]{chapter.8}{Ger\344telehre --- \040RS IX}{part.2}
\BOOKMARK [1][-]{section.8.1}{Blutdruckmessung}{chapter.8}
\BOOKMARK [1][-]{section.8.2}{Das EKG}{chapter.8}
\BOOKMARK [2][-]{subsection.8.2.1}{EKG -- Ableitungen}{section.8.2}
\BOOKMARK [3][-]{subsubsection.8.2.1.1}{Extremit\344tenableitungen}{subsection.8.2.1}
\BOOKMARK [3][-]{subsubsection.8.2.1.2}{Brustwandableitungen}{subsection.8.2.1}
\BOOKMARK [1][-]{section.8.3}{O2 -- Sauerstoff}{chapter.8}
\BOOKMARK [2][-]{subsection.8.3.1}{Sauerstoff -- technische Grundlagen}{section.8.3}
\BOOKMARK [2][-]{subsection.8.3.2}{Heiteres Rechnen mit Sauerstoff}{section.8.3}
\BOOKMARK [2][-]{subsection.8.3.3}{Umgang mit Sauerstoff und Druckflaschen}{section.8.3}
\BOOKMARK [2][-]{subsection.8.3.4}{Verabreichungsarten}{section.8.3}
\BOOKMARK [3][-]{subsubsection.8.3.4.1}{Sauerstoffbrille}{subsection.8.3.4}
\BOOKMARK [3][-]{subsubsection.8.3.4.2}{Beatmung mit Beatmungsbeutel}{subsection.8.3.4}
\BOOKMARK [2][-]{subsection.8.3.5}{Sauerstofftherapie}{section.8.3}
\BOOKMARK [3][-]{subsubsection.8.3.5.1}{Pulsoxymetrie}{subsection.8.3.5}
\BOOKMARK [0][-]{chapter.9}{Angewandte Sanit\344tshilfe --- \040RS XIII}{part.2}
\BOOKMARK [1][-]{section.9.1}{Lagerungsarten}{chapter.9}
\BOOKMARK [2][-]{subsection.9.1.1}{\214Hilfe, ein Patient!\215 - Was mach ich jetzt?}{section.9.1}
\BOOKMARK [2][-]{subsection.9.1.2}{Reden - Die Anamnese erz\344hlt uns die Geschichte des Patienten}{section.9.1}
\BOOKMARK [3][-]{subsubsection.9.1.2.1}{Symptome und Schmerzen}{subsection.9.1.2}
\BOOKMARK [3][-]{subsubsection.9.1.2.2}{Krankheiten}{subsection.9.1.2}
\BOOKMARK [3][-]{subsubsection.9.1.2.3}{Allergien}{subsection.9.1.2}
\BOOKMARK [3][-]{subsubsection.9.1.2.4}{Medikamente}{subsection.9.1.2}
\BOOKMARK [3][-]{subsubsection.9.1.2.5}{Ereignisse vor Notfalleintritt}{subsection.9.1.2}
\BOOKMARK [3][-]{subsubsection.9.1.2.6}{Letzte ...}{subsection.9.1.2}
\BOOKMARK [2][-]{subsection.9.1.3}{Kommunikationsregeln}{section.9.1}
\BOOKMARK [1][-]{section.9.2}{Untersuchung und Anamnese}{chapter.9}
\BOOKMARK [2][-]{subsection.9.2.1}{\214Hilfe, ein Patient!\215 - Was mach ich jetzt?}{section.9.2}
\BOOKMARK [2][-]{subsection.9.2.2}{Reden - Die Anamnese erz\344hlt uns die Geschichte des Patienten}{section.9.2}
\BOOKMARK [3][-]{subsubsection.9.2.2.1}{Symptome und Schmerzen}{subsection.9.2.2}
\BOOKMARK [3][-]{subsubsection.9.2.2.2}{Krankheiten}{subsection.9.2.2}
\BOOKMARK [3][-]{subsubsection.9.2.2.3}{Allergien}{subsection.9.2.2}
\BOOKMARK [3][-]{subsubsection.9.2.2.4}{Medikamente}{subsection.9.2.2}
\BOOKMARK [3][-]{subsubsection.9.2.2.5}{Ereignisse}{subsection.9.2.2}
\BOOKMARK [3][-]{subsubsection.9.2.2.6}{Das Letzte ...}{subsection.9.2.2}
\BOOKMARK [2][-]{subsection.9.2.3}{Untersuchungen k\366nnen uns weiterhelfen}{section.9.2}
\BOOKMARK [3][-]{subsubsection.9.2.3.1}{Sehen -- H\366ren -- F\374hlen }{subsection.9.2.3}
\BOOKMARK [4][-]{section*.6}{Abtasten des Abdomens}{subsubsection.9.2.3.1}
\BOOKMARK [3][-]{subsubsection.9.2.3.2}{Vitalwerte}{subsection.9.2.3}
\BOOKMARK [3][-]{subsubsection.9.2.3.3}{Atmung}{subsection.9.2.3}
\BOOKMARK [3][-]{subsubsection.9.2.3.4}{Pulsoxymetrie}{subsection.9.2.3}
\BOOKMARK [3][-]{subsubsection.9.2.3.5}{Blutzuckermessung}{subsection.9.2.3}
\BOOKMARK [3][-]{subsubsection.9.2.3.6}{K\366rpertemperatur}{subsection.9.2.3}
\BOOKMARK [3][-]{subsubsection.9.2.3.7}{Neurocheck}{subsection.9.2.3}
\BOOKMARK [3][-]{subsubsection.9.2.3.8}{Traumacheck}{subsection.9.2.3}
\BOOKMARK [4][-]{section*.7}{Abtasten des Abomens }{subsubsection.9.2.3.8}
\BOOKMARK [2][-]{subsection.9.2.4}{Vorgehen in der Praxis}{section.9.2}
\BOOKMARK [3][-]{section*.8}{Szene\374berblick}{subsection.9.2.4}
\BOOKMARK [4][-]{section*.8}{Die ersten \040 30 Sekunden }{subsection.9.2.4}
\BOOKMARK [2][-]{subsection.9.2.5}{Erster Schritt: Ersteinsch\344tzung}{section.9.2}
\BOOKMARK [2][-]{subsection.9.2.6}{Zweiter Schritt: Erstma\337nahmen}{section.9.2}
\BOOKMARK [2][-]{subsection.9.2.7}{Dritter Schritt: Durchatmen, nachdenken, planen}{section.9.2}
\BOOKMARK [2][-]{subsection.9.2.8}{Ein Beispiel \203}{section.9.2}
\BOOKMARK [3][-]{section*.9}{Ein Beispiel: Herr Sepp hat Atemnot}{subsection.9.2.8}
\BOOKMARK [1][-]{section.9.3}{Traumatechniken}{chapter.9}
\BOOKMARK [2][-]{subsection.9.3.1}{Helmabnahme}{section.9.3}
\BOOKMARK [2][-]{subsection.9.3.2}{Anlegen einer HWS-Immobilisationsschiene \(Stifneck\222\)}{section.9.3}
\BOOKMARK [2][-]{subsection.9.3.3}{Schaufeltrage}{section.9.3}
\BOOKMARK [2][-]{subsection.9.3.4}{Vakuummatratze}{section.9.3}
\BOOKMARK [2][-]{subsection.9.3.5}{Vakuum-Beinschiene}{section.9.3}
\BOOKMARK [2][-]{subsection.9.3.6}{Sam-Splint}{section.9.3}
\BOOKMARK [2][-]{subsection.9.3.7}{Druckverband}{section.9.3}
\BOOKMARK [1][-]{section.9.4}{Assistenzt\344tigkeiten}{chapter.9}
\BOOKMARK [2][-]{subsection.9.4.1}{\334bergabegespr\344ch an Notarzt bzw. Spitalspersonal}{section.9.4}
\BOOKMARK [2][-]{subsection.9.4.2}{Intubation: Vorbereitung und Assistenz}{section.9.4}
\BOOKMARK [2][-]{subsection.9.4.3}{Aufziehen eines Medikamentes aus einer Ampulle}{section.9.4}
\BOOKMARK [2][-]{subsection.9.4.4}{Vorbereitung einer Infusion}{section.9.4}
\BOOKMARK [2][-]{subsection.9.4.5}{Venenverweilkan\374le}{section.9.4}
\BOOKMARK [0][-]{chapter.10}{Vitalfunktionen --- \040RS V}{part.2}
\BOOKMARK [1][-]{section*.10}{\334berblick}{chapter.10}
\BOOKMARK [2][-]{section*.10}{NACA -- Score}{chapter.10}
\BOOKMARK [1][-]{section.10.1}{Bewusstsein}{chapter.10}
\BOOKMARK [2][-]{subsection.10.1.1}{Bewu\337seinsst\366rung}{section.10.1}
\BOOKMARK [3][-]{section*.11}{Orientierung}{subsection.10.1.1}
\BOOKMARK [4][-]{Item.104}{Allgemein}{subsection.10.1.1}
\BOOKMARK [4][-]{Item.104}{Ursachen}{subsection.10.1.1}
\BOOKMARK [3][-]{subsubsection.10.1.1.1}{Grade und Symptome}{subsection.10.1.1}
\BOOKMARK [4][-]{table.10.2}{Gefahren}{subsubsection.10.1.1.1}
\BOOKMARK [4][-]{table.10.2}{Glasgow Coma Scale \(GCS\)}{subsubsection.10.1.1.1}
\BOOKMARK [4][-]{table.10.3}{Ma\337nahmen bei getr\374bten Patienten}{subsubsection.10.1.1.1}
\BOOKMARK [4][-]{table.10.3}{Ma\337nahmen bei bewu\337tlosen und sopor\366sen Patienten}{subsubsection.10.1.1.1}
\BOOKMARK [1][-]{section.10.2}{Atmung}{chapter.10}
\BOOKMARK [2][-]{subsubsection.10.2.0.2}{Atemvolumina}{section.10.2}
\BOOKMARK [1][-]{section.10.3}{St\366rungen der Atmung}{chapter.10}
\BOOKMARK [2][-]{section*.12}{Ursachen}{section.10.3}
\BOOKMARK [3][-]{section*.12}{Symptome}{section.10.3}
\BOOKMARK [4][-]{table.10.4}{Gefahr der Ateminsuffizienz}{section*.12}
\BOOKMARK [4][-]{table.10.4}{Spezielle Ma\337nahmen bei Atemstillstand}{section*.12}
\BOOKMARK [1][-]{section.10.4}{Herz- / Kreislauf}{chapter.10}
\BOOKMARK [2][-]{subsection.10.4.1}{Blutdruck}{section.10.4}
\BOOKMARK [2][-]{subsection.10.4.2}{Kreislaufstillstand}{section.10.4}
\BOOKMARK [3][-]{section*.13}{Ursachen}{subsection.10.4.2}
\BOOKMARK [4][-]{section*.13}{Pathophysiologie}{subsection.10.4.2}
\BOOKMARK [2][-]{subsection.10.4.3}{Herzinsuffizienz, Herzversagen}{section.10.4}
\BOOKMARK [1][-]{section.10.5}{SCHOCK}{chapter.10}
\BOOKMARK [2][-]{Item.107}{Schock -- Kompensationsmechanismen}{section.10.5}
\BOOKMARK [2][-]{subsection.10.5.1}{Allgemeine Schocksymptomatik}{section.10.5}
\BOOKMARK [3][-]{section*.14}{Schockschere}{subsection.10.5.1}
\BOOKMARK [2][-]{subsection.10.5.2}{Allgemeine Ma\337nahmen der Schockbek\344mpfung}{section.10.5}
\BOOKMARK [2][-]{subsection.10.5.3}{Schock -- Arten}{section.10.5}
\BOOKMARK [3][-]{subsubsection.10.5.3.1}{Hypovol\344mischer Schock}{subsection.10.5.3}
\BOOKMARK [4][-]{section*.15}{Ursachen}{subsubsection.10.5.3.1}
\BOOKMARK [4][-]{section*.15}{Spezielle Ma\337nahmen beim Hypovol\344mischen Schock}{subsubsection.10.5.3.1}
\BOOKMARK [3][-]{subsubsection.10.5.3.2}{Kardiogener Schock}{subsection.10.5.3}
\BOOKMARK [4][-]{section*.16}{Spezielle Ma\337nahmen beim Kardiogenen Schock}{subsubsection.10.5.3.2}
\BOOKMARK [3][-]{subsubsection.10.5.3.3}{Anaphylaktischer Schock}{subsection.10.5.3}
\BOOKMARK [4][-]{figure.10.3}{M\366gliche Antigene}{subsubsection.10.5.3.3}
\BOOKMARK [4][-]{figure.10.3}{Symptome}{subsubsection.10.5.3.3}
\BOOKMARK [4][-]{table.10.5}{Spezielle Ma\337nahmen beim Anaphylaktischen Schock}{subsubsection.10.5.3.3}
\BOOKMARK [3][-]{subsubsection.10.5.3.4}{Septischer Schock und Toxischer Schock}{subsection.10.5.3}
\BOOKMARK [4][-]{section*.17}{Ursachen}{subsubsection.10.5.3.4}
\BOOKMARK [4][-]{section*.17}{Symptome}{subsubsection.10.5.3.4}
\BOOKMARK [4][-]{section*.17}{Spezielle Ma\337nahmen beim Septischen und Toxischen Schock}{subsubsection.10.5.3.4}
\BOOKMARK [3][-]{subsubsection.10.5.3.5}{Neurogener Schock}{subsection.10.5.3}
\BOOKMARK [4][-]{section*.18}{Ursachen}{subsubsection.10.5.3.5}
\BOOKMARK [4][-]{section*.18}{Spezielle Ma\337nahmen}{subsubsection.10.5.3.5}
\BOOKMARK [1][-]{section.10.6}{Temperaturregulation}{chapter.10}
\BOOKMARK [1][-]{section.10.7}{Stoffwechsel}{chapter.10}
\BOOKMARK [2][-]{section*.19}{Arten}{section.10.7}
\BOOKMARK [1][-]{section.10.8}{Wasser- und Elektrolythaushalt}{chapter.10}
\BOOKMARK [2][-]{section*.20}{Trennung}{section.10.8}
\BOOKMARK [3][-]{section*.20}{Atome, Ionen und Elektrolyte}{section.10.8}
\BOOKMARK [2][-]{subsection.10.8.1}{Osmose und Diffusion}{section.10.8}
\BOOKMARK [3][-]{figure.10.4}{H\344ufige Ursachen von Elektrolyst\366rungen}{subsection.10.8.1}
\BOOKMARK [2][-]{subsection.10.8.2}{Wasser- und Elektrolythaushalt}{section.10.8}
\BOOKMARK [2][-]{subsection.10.8.3}{S\344ure-/Basenhaushalt}{section.10.8}
\BOOKMARK [3][-]{section*.21}{pH-Wert}{subsection.10.8.3}
\BOOKMARK [4][-]{section*.21}{Regulationsmechanismen}{subsection.10.8.3}
\BOOKMARK [3][-]{subsubsection.10.8.3.1}{Atmungsbedingte \334bers\344uerung - Respiratorische Azidose}{subsection.10.8.3}
\BOOKMARK [4][-]{section*.22}{Ursachen}{subsubsection.10.8.3.1}
\BOOKMARK [4][-]{section*.22}{Therapie}{subsubsection.10.8.3.1}
\BOOKMARK [3][-]{subsubsection.10.8.3.2}{Stoffwechselbedingte \334bers\344uerung -Metabolische Azidose}{subsection.10.8.3}
\BOOKMARK [4][-]{section*.23}{Ursachen}{subsubsection.10.8.3.2}
\BOOKMARK [4][-]{section*.23}{Gefahren}{subsubsection.10.8.3.2}
\BOOKMARK [3][-]{subsubsection.10.8.3.3}{Atmungsbedingte \(respiratorische\) Alkalose}{subsection.10.8.3}
\BOOKMARK [3][-]{subsubsection.10.8.3.4}{Stoffwechselbedingte \(metabolische\) Alkalose}{subsection.10.8.3}
\BOOKMARK [1][-]{section.10.9}{Tod}{chapter.10}
\BOOKMARK [2][-]{section*.24}{Klinischer Tod vs. biologischer Tod}{section.10.9}
\BOOKMARK [3][-]{section*.24}{Wann ist es wirklich zu sp\344t?}{section.10.9}
\BOOKMARK [3][-]{subsubsection.10.9.0.5}{Zeichen des Todes und Leichenzeichen}{section.10.9}
\BOOKMARK [0][-]{chapter.11}{Krankheiten und Medizinische Notf\344lle --- \040RS VI}{part.2}
\BOOKMARK [1][-]{section.11.1}{Einf\374hrung in die Medizin}{chapter.11}
\BOOKMARK [2][-]{subsection.11.1.1}{Begriffe}{section.11.1}
\BOOKMARK [3][-]{section*.26}{Symptome}{subsection.11.1.1}
\BOOKMARK [4][-]{section*.26}{Komplikationen}{subsection.11.1.1}
\BOOKMARK [4][-]{section*.26}{Therapie}{subsection.11.1.1}
\BOOKMARK [4][-]{section*.26}{Diagnose}{subsection.11.1.1}
\BOOKMARK [4][-]{section*.26}{Differentialdiagnosen \(DD\)}{subsection.11.1.1}
\BOOKMARK [4][-]{section*.26}{Diagnostik}{subsection.11.1.1}
\BOOKMARK [4][-]{section*.26}{Befund}{subsection.11.1.1}
\BOOKMARK [2][-]{subsection.11.1.2}{Medizinische Fachbereiche}{section.11.1}
\BOOKMARK [2][-]{subsection.11.1.3}{Andere Medizinische Berufe --- Ein kleines \214who is who\215}{section.11.1}
\BOOKMARK [2][-]{subsection.11.1.4}{Dokumentation -- Von der medizinischen Seite betrachtet}{section.11.1}
\BOOKMARK [1][-]{section.11.2}{Herz-Kreislaufst\366rungen}{chapter.11}
\BOOKMARK [2][-]{section*.27}{\334berblick \374ber die wichtgsten Herz-Kreislauf-Notf\344lle}{section.11.2}
\BOOKMARK [2][-]{subsection.11.2.1}{Herz-Kreislauf-Stillstand}{section.11.2}
\BOOKMARK [2][-]{subsection.11.2.2}{Herzinsuffizienz}{section.11.2}
\BOOKMARK [3][-]{subsubsection.11.2.2.1}{Linksherzinsuffizienz}{subsection.11.2.2}
\BOOKMARK [4][-]{section*.28}{Symptome einer Linksherzinsuffizienz}{subsubsection.11.2.2.1}
\BOOKMARK [3][-]{subsubsection.11.2.2.2}{Rechtsherzinsuffizienz}{subsection.11.2.2}
\BOOKMARK [4][-]{section*.29}{Symtome}{subsubsection.11.2.2.2}
\BOOKMARK [4][-]{section*.29}{Spezielle Ma\337nahmen}{subsubsection.11.2.2.2}
\BOOKMARK [2][-]{subsection.11.2.3}{Koronare Herzkrankheit und Akutes Koronarsyndrom}{section.11.2}
\BOOKMARK [3][-]{subsubsection.11.2.3.1}{Angina pectoris}{subsection.11.2.3}
\BOOKMARK [4][-]{figure.11.1}{Symptome}{subsubsection.11.2.3.1}
\BOOKMARK [4][-]{figure.11.2}{Spezielle Ma\337nahmen}{subsubsection.11.2.3.1}
\BOOKMARK [3][-]{subsubsection.11.2.3.2}{Herzinfarkt - Myokardinfarkt \(MCI\)}{subsection.11.2.3}
\BOOKMARK [4][-]{section*.30}{Symptome}{subsubsection.11.2.3.2}
\BOOKMARK [4][-]{section*.30}{Schlagworte}{subsubsection.11.2.3.2}
\BOOKMARK [4][-]{figure.11.3}{Spzielle Ma\337nahmen}{subsubsection.11.2.3.2}
\BOOKMARK [5][-]{section*.31}{Weitere Therapie}{figure.11.3}
\BOOKMARK [2][-]{subsection.11.2.4}{Herzrhythmusst\366rungen }{section.11.2}
\BOOKMARK [3][-]{subsubsection.11.2.4.1}{Hier z\344hlt die Geschwindigkeit: Tachy- und Bradykardie}{subsection.11.2.4}
\BOOKMARK [4][-]{section*.32}{Bradykardie}{subsubsection.11.2.4.1}
\BOOKMARK [5][-]{section*.32}{Tachykardie }{subsubsection.11.2.4.1}
\BOOKMARK [4][-]{section*.32}{Gefahr}{subsubsection.11.2.4.1}
\BOOKMARK [3][-]{subsubsection.11.2.4.2}{Besondere Rhythmen}{subsection.11.2.4}
\BOOKMARK [4][-]{section*.33}{Kammerflimmern}{subsubsection.11.2.4.2}
\BOOKMARK [4][-]{section*.33}{Pulslose Ventrikul\344re Tachkardie}{subsubsection.11.2.4.2}
\BOOKMARK [4][-]{section*.33}{Asystolie}{subsubsection.11.2.4.2}
\BOOKMARK [4][-]{section*.33}{Vorhofflimmern}{subsubsection.11.2.4.2}
\BOOKMARK [2][-]{subsection.11.2.5}{Hypotonie}{section.11.2}
\BOOKMARK [3][-]{section*.34}{Ursachen}{subsection.11.2.5}
\BOOKMARK [4][-]{section*.34}{Symptome}{subsection.11.2.5}
\BOOKMARK [3][-]{subsubsection.11.2.5.1}{Kollaps, Synkope}{subsection.11.2.5}
\BOOKMARK [4][-]{section*.35}{Symptome}{subsubsection.11.2.5.1}
\BOOKMARK [4][-]{section*.35}{Ursachen}{subsubsection.11.2.5.1}
\BOOKMARK [4][-]{section*.35}{Spezielle Ma\337nahmen bei Kollaps/Synkope}{subsubsection.11.2.5.1}
\BOOKMARK [2][-]{subsection.11.2.6}{Hypertonie}{section.11.2}
\BOOKMARK [3][-]{section*.36}{Ursachen}{subsection.11.2.6}
\BOOKMARK [4][-]{section*.36}{Langzeitfolgen}{subsection.11.2.6}
\BOOKMARK [3][-]{subsubsection.11.2.6.1}{Hypertensive Krise und Hypertensiver Notfall}{subsection.11.2.6}
\BOOKMARK [4][-]{section*.37}{Ma\337nahmen}{subsubsection.11.2.6.1}
\BOOKMARK [4][-]{section*.37}{Ma\337nahmen}{subsubsection.11.2.6.1}
\BOOKMARK [2][-]{subsection.11.2.7}{Gef\344\337verschl\374sse in den Extremit\344ten}{section.11.2}
\BOOKMARK [3][-]{subsubsection.11.2.7.1}{Arterieller Gef\344\337verschlu\337}{subsection.11.2.7}
\BOOKMARK [4][-]{section*.38}{Warum kommt es zu einem Gef\344\337verschlu\337?}{subsubsection.11.2.7.1}
\BOOKMARK [4][-]{table.11.2}{Symptome}{subsubsection.11.2.7.1}
\BOOKMARK [4][-]{table.11.2}{Spezielle Ma\337nahmen}{subsubsection.11.2.7.1}
\BOOKMARK [3][-]{subsubsection.11.2.7.2}{Tiefe Venenthrombose}{subsection.11.2.7}
\BOOKMARK [4][-]{figure.11.5}{Symptome}{subsubsection.11.2.7.2}
\BOOKMARK [4][-]{figure.11.5}{Gefahr}{subsubsection.11.2.7.2}
\BOOKMARK [4][-]{figure.11.5}{Spezielle Ma\337nahmen}{subsubsection.11.2.7.2}
\BOOKMARK [1][-]{section.11.3}{Respiratorische / Pulmologische Notf\344lle}{chapter.11}
\BOOKMARK [2][-]{section*.39}{St\366rungen der Atmung - \334bersicht}{section.11.3}
\BOOKMARK [2][-]{subsection.11.3.1}{Mechanische Verlegung}{section.11.3}
\BOOKMARK [3][-]{figure.11.7}{Symptome}{subsection.11.3.1}
\BOOKMARK [4][-]{section*.40}{Spezielle Ma\337nahmen}{figure.11.7}
\BOOKMARK [2][-]{subsection.11.3.2}{Asthma bronchiale}{section.11.3}
\BOOKMARK [3][-]{section*.41}{Status Asthamticus}{subsection.11.3.2}
\BOOKMARK [4][-]{figure.11.8}{ Symptome}{subsection.11.3.2}
\BOOKMARK [4][-]{figure.11.11}{Spezielle Ma\337nahmen beim akuten Asthmaanfall}{subsection.11.3.2}
\BOOKMARK [2][-]{subsection.11.3.3}{COPD - Chronic obstructing pulmonary disease}{section.11.3}
\BOOKMARK [3][-]{figure.11.13}{Spezielle Ma\337nahmen}{subsection.11.3.3}
\BOOKMARK [2][-]{subsection.11.3.4}{Lungenembolie}{section.11.3}
\BOOKMARK [3][-]{figure.11.14}{Symptome}{subsection.11.3.4}
\BOOKMARK [4][-]{section*.42}{Typische Befunde}{figure.11.14}
\BOOKMARK [5][-]{section*.42}{Typische Zeichen}{figure.11.14}
\BOOKMARK [4][-]{section*.42}{Wann ist die Diagnose \214Lungenebmolie\215 wahrscheinlich?}{figure.11.14}
\BOOKMARK [4][-]{section*.42}{Ma\337nahmen}{figure.11.14}
\BOOKMARK [2][-]{subsection.11.3.5}{Lungen\366dem}{section.11.3}
\BOOKMARK [3][-]{section*.43}{Ursachen}{subsection.11.3.5}
\BOOKMARK [2][-]{subsection.11.3.6}{Lungenentz\374ndung --- Pneumonie}{section.11.3}
\BOOKMARK [2][-]{subsection.11.3.7}{Hyperventilationstetanie}{section.11.3}
\BOOKMARK [3][-]{section*.44}{Symptome}{subsection.11.3.7}
\BOOKMARK [4][-]{section*.44}{Therapie}{subsection.11.3.7}
\BOOKMARK [1][-]{section.11.4}{Neurologische Notf\344lle}{chapter.11}
\BOOKMARK [2][-]{subsection.11.4.1}{Schlaganfall --- Apoplektischer Insult --- Hirninfarkt}{section.11.4}
\BOOKMARK [3][-]{figure.11.17}{Symptome}{subsection.11.4.1}
\BOOKMARK [4][-]{section*.45}{Ma\337nahmen}{figure.11.17}
\BOOKMARK [2][-]{subsection.11.4.2}{Bakterielle Meningitis}{section.11.4}
\BOOKMARK [3][-]{figure.11.18}{Symptome}{subsection.11.4.2}
\BOOKMARK [2][-]{subsection.11.4.3}{Vom Gehirn ausgehende Kr\344mpfe --- Zerebrale Krampfanf\344lle}{section.11.4}
\BOOKMARK [3][-]{Item.112}{Ursachen}{subsection.11.4.3}
\BOOKMARK [4][-]{section*.46}{Fokaler Anfall}{Item.112}
\BOOKMARK [4][-]{section*.46}{Generalisierter Anfall}{Item.112}
\BOOKMARK [4][-]{section*.46}{Fieberkrampf}{Item.112}
\BOOKMARK [4][-]{section*.46}{Status Epilepticus}{Item.112}
\BOOKMARK [4][-]{section*.46}{Spezielle Ma\337nahmen beim krampfenden Patienten}{Item.112}
\BOOKMARK [4][-]{section*.46}{Spezielle Ma\337nahmen beim nicht-krampfenden Patienten}{Item.112}
\BOOKMARK [1][-]{section.11.5}{Metabolische St\366rungen \(Stoffwechselst\366rungen\)}{chapter.11}
\BOOKMARK [2][-]{subsection.11.5.1}{Diabetes Mellitus}{section.11.5}
\BOOKMARK [3][-]{section*.47}{Insulin}{subsection.11.5.1}
\BOOKMARK [4][-]{Item.114}{Diabetes \040mellitus I}{subsection.11.5.1}
\BOOKMARK [5][-]{section*.48}{Therapie}{Item.114}
\BOOKMARK [5][-]{section*.48}{Diabetes \040mellitus II}{Item.114}
\BOOKMARK [3][-]{subsubsection.11.5.1.1}{Hypoglyk\344mie}{subsection.11.5.1}
\BOOKMARK [4][-]{section*.49}{Ursachen}{subsubsection.11.5.1.1}
\BOOKMARK [4][-]{figure.11.19}{Spezielle Ma\337nahmen}{subsubsection.11.5.1.1}
\BOOKMARK [3][-]{subsubsection.11.5.1.2}{Hyperglyk\344mie}{subsection.11.5.1}
\BOOKMARK [4][-]{section*.50}{Hyperosmolares Koma}{subsubsection.11.5.1.2}
\BOOKMARK [4][-]{section*.50}{Symptome}{subsubsection.11.5.1.2}
\BOOKMARK [1][-]{section.11.6}{Abdominelle Notf\344lle}{chapter.11}
\BOOKMARK [2][-]{figure.11.20}{Anamnese und Untersuchung}{section.11.6}
\BOOKMARK [2][-]{subsection.11.6.1}{Der schmerzende Bauch}{section.11.6}
\BOOKMARK [2][-]{subsection.11.6.2}{H\344ufige und gut erkennbare Erkrankungen}{section.11.6}
\BOOKMARK [3][-]{subsubsection.11.6.2.1}{Das Akute Abdomen --- Alarmzeichen mit Bretthartem Bauch}{subsection.11.6.2}
\BOOKMARK [4][-]{section*.51}{Allgemeine Ma\337nahmen \(Ursachen-unabh\344ngig\)}{subsubsection.11.6.2.1}
\BOOKMARK [3][-]{subsubsection.11.6.2.2}{Darmverschlu\337 -- Ileus}{subsection.11.6.2}
\BOOKMARK [3][-]{subsubsection.11.6.2.3}{Blinddarmentz\374ndung -- Appendizitis}{subsection.11.6.2}
\BOOKMARK [3][-]{subsubsection.11.6.2.4}{Gallenkolik}{subsection.11.6.2}
\BOOKMARK [3][-]{subsubsection.11.6.2.5}{\326sophagusvarizenblutung}{subsection.11.6.2}
\BOOKMARK [4][-]{section*.52}{Spezielle Ma\337nhamen bei \326sophagusvarizenblutung}{subsubsection.11.6.2.5}
\BOOKMARK [3][-]{subsubsection.11.6.2.6}{Magen-Darm-Grippe -- Gastroenteritis}{subsection.11.6.2}
\BOOKMARK [3][-]{subsubsection.11.6.2.7}{Fl\374ssigkeitsmangel -- Exsikkose}{subsection.11.6.2}
\BOOKMARK [2][-]{subsection.11.6.3}{Weniger h\344ufige oder nicht-so-gut-erkennbare Erkrankungen}{section.11.6}
\BOOKMARK [3][-]{subsubsection.11.6.3.1}{Bauchaortenaneurysma}{subsection.11.6.3}
\BOOKMARK [3][-]{subsubsection.11.6.3.2}{Magen- und Zw\366lffingerdarmgeschw\374r}{subsection.11.6.3}
\BOOKMARK [3][-]{subsubsection.11.6.3.3}{Hepatitis}{subsection.11.6.3}
\BOOKMARK [3][-]{subsubsection.11.6.3.4}{Bauchfellentz\374ndung}{subsection.11.6.3}
\BOOKMARK [2][-]{subsection.11.6.4}{Sonstige -- nicht akute -- Erkrankungen}{section.11.6}
\BOOKMARK [3][-]{subsubsection.11.6.4.1}{Chronisch entz\374ndliche Darmerkrankungen}{subsection.11.6.4}
\BOOKMARK [3][-]{subsubsection.11.6.4.2}{Abschnitt oder Unterabschnitt}{subsection.11.6.4}
\BOOKMARK [4][-]{section*.53}{Spezielle Ma\337nahmen}{subsubsection.11.6.4.2}
\BOOKMARK [1][-]{section.11.7}{Urologische Notf\344lle}{chapter.11}
\BOOKMARK [2][-]{subsection.11.7.1}{Nierenkolik}{section.11.7}
\BOOKMARK [4][-]{section*.54}{Ursache}{subsection.11.7.1}
\BOOKMARK [4][-]{section*.54}{Symptome}{subsection.11.7.1}
\BOOKMARK [4][-]{section*.54}{Versorgung}{subsection.11.7.1}
\BOOKMARK [4][-]{section*.54}{Spezielle Ma\337nahmen bei Nierenkolik}{subsection.11.7.1}
\BOOKMARK [2][-]{subsection.11.7.2}{Akutes Harnverhalten}{section.11.7}
\BOOKMARK [4][-]{section*.55}{Ursachen}{subsection.11.7.2}
\BOOKMARK [4][-]{section*.55}{Spezielle Ma\337nahmen bei akutem Harnverhalt}{subsection.11.7.2}
\BOOKMARK [2][-]{subsection.11.7.3}{Niereninsuffizienz und Nierenversagen}{section.11.7}
\BOOKMARK [1][-]{section.11.8}{Schwangerschaft und geburtshilfliche Notf\344lle}{chapter.11}
\BOOKMARK [2][-]{subsection.11.8.1}{Weiblicher Zyklus}{section.11.8}
\BOOKMARK [3][-]{Item.116}{Schwangerschaft -- Verlauf}{subsection.11.8.1}
\BOOKMARK [2][-]{subsection.11.8.2}{Geburt}{section.11.8}
\BOOKMARK [3][-]{section*.56}{Verlauf}{subsection.11.8.2}
\BOOKMARK [4][-]{section*.56}{Neugeborenes - Vitalit\344tsbeurteilung}{subsection.11.8.2}
\BOOKMARK [2][-]{subsection.11.8.3}{Notf\344lle - Fr\374hschwangerschaft}{section.11.8}
\BOOKMARK [3][-]{subsubsection.11.8.3.1}{Eileiterschwangerschaft -- Tubaria}{subsection.11.8.3}
\BOOKMARK [3][-]{subsubsection.11.8.3.2}{Abortus}{subsection.11.8.3}
\BOOKMARK [4][-]{section*.57}{Symptome}{subsubsection.11.8.3.2}
\BOOKMARK [4][-]{section*.57}{Therapie}{subsubsection.11.8.3.2}
\BOOKMARK [2][-]{subsection.11.8.4}{Notf\344lle -- Sp\344tschwangerschaft}{section.11.8}
\BOOKMARK [3][-]{subsubsection.11.8.4.1}{Vorzeitige Plazental\366sung}{subsection.11.8.4}
\BOOKMARK [4][-]{section*.58}{Symptome}{subsubsection.11.8.4.1}
\BOOKMARK [4][-]{section*.58}{Spezielle Massnahmen}{subsubsection.11.8.4.1}
\BOOKMARK [3][-]{subsubsection.11.8.4.2}{Vena-cava-Syndrom}{subsection.11.8.4}
\BOOKMARK [4][-]{section*.59}{Ma\337nahmen}{subsubsection.11.8.4.2}
\BOOKMARK [3][-]{subsubsection.11.8.4.3}{EPH-Gestose -- Pr\344eklampsie - Eklampsie}{subsection.11.8.4}
\BOOKMARK [4][-]{section*.60}{Symptome}{subsubsection.11.8.4.3}
\BOOKMARK [4][-]{Item.124}{Spezielle Ma\337nahmen bei Verdacht auf Pr\344eklampsie}{subsubsection.11.8.4.3}
\BOOKMARK [4][-]{Item.124}{Spezielle Ma\337nahmen bei Eklampsie -- Eklamptischer Krampfanfall}{subsubsection.11.8.4.3}
\BOOKMARK [3][-]{subsubsection.11.8.4.4}{Vorzeitiger Fruchtwasserabgang}{subsection.11.8.4}
\BOOKMARK [4][-]{section*.61}{Ma\337nahmen}{subsubsection.11.8.4.4}
\BOOKMARK [2][-]{subsection.11.8.5}{Notf\344lle w\344hrend der Geburt}{section.11.8}
\BOOKMARK [3][-]{subsubsection.11.8.5.1}{Nabelschnurvorfall}{subsection.11.8.5}
\BOOKMARK [4][-]{section*.62}{Gefahren:}{subsubsection.11.8.5.1}
\BOOKMARK [4][-]{section*.62}{Therapie:}{subsubsection.11.8.5.1}
\BOOKMARK [4][-]{section*.62}{Ma\337nahmen}{subsubsection.11.8.5.1}
\BOOKMARK [3][-]{subsubsection.11.8.5.2}{Pathologische Geburtslagen}{subsection.11.8.5}
\BOOKMARK [4][-]{section*.63}{Gefahr}{subsubsection.11.8.5.2}
\BOOKMARK [3][-]{subsubsection.11.8.5.3}{Uterusatonie}{subsection.11.8.5}
\BOOKMARK [4][-]{section*.64}{Ma\337nahmen}{subsubsection.11.8.5.3}
\BOOKMARK [3][-]{subsubsection.11.8.5.4}{Uterusruptur}{subsection.11.8.5}
\BOOKMARK [4][-]{section*.65}{Therapie}{subsubsection.11.8.5.4}
\BOOKMARK [4][-]{section*.65}{Asphyxie}{subsubsection.11.8.5.4}
\BOOKMARK [4][-]{section*.65}{Therapie}{subsubsection.11.8.5.4}
\BOOKMARK [2][-]{subsection.11.8.6}{Sonstige gyn\344kologische Erkrankungen und Notf\344lle}{section.11.8}
\BOOKMARK [3][-]{subsubsection.11.8.6.1}{Vaginale Blutungen}{subsection.11.8.6}
\BOOKMARK [4][-]{section*.66}{Spezielle Ma\337nahmen bei vaginaler Blutung}{subsubsection.11.8.6.1}
\BOOKMARK [1][-]{section.11.9}{P\344diatrie - Kinderheilkunde}{chapter.11}
\BOOKMARK [2][-]{subsection.11.9.1}{Anatomische und physiologische Besonderheiten}{section.11.9}
\BOOKMARK [2][-]{subsection.11.9.2}{Fremdk\366rperaspiration }{section.11.9}
\BOOKMARK [3][-]{section*.67}{Symptome}{subsection.11.9.2}
\BOOKMARK [2][-]{subsection.11.9.3}{Laryngitis}{section.11.9}
\BOOKMARK [3][-]{section*.68}{Symptome:}{subsection.11.9.3}
\BOOKMARK [4][-]{section*.68}{Therapie:}{subsection.11.9.3}
\BOOKMARK [2][-]{subsection.11.9.4}{Epiglottitis}{section.11.9}
\BOOKMARK [3][-]{section*.69}{Symptome:}{subsection.11.9.4}
\BOOKMARK [2][-]{subsection.11.9.5}{Laryngitis vs. Epiglottitis}{section.11.9}
\BOOKMARK [2][-]{subsection.11.9.6}{SIDS -- Sudden Infant Death Syndrome -- Pl\366tzlicher Kindstod}{section.11.9}
\BOOKMARK [3][-]{section*.70}{Vorgehensweise}{subsection.11.9.6}
\BOOKMARK [2][-]{subsection.11.9.7}{Ertrinkungsunfall}{section.11.9}
\BOOKMARK [2][-]{subsection.11.9.8}{St\366rungen des Nervensystems}{section.11.9}
\BOOKMARK [3][-]{subsubsection.11.9.8.1}{Krampfanf\344lle:}{subsection.11.9.8}
\BOOKMARK [4][-]{section*.71}{Fieberkr\344mpfe}{subsubsection.11.9.8.1}
\BOOKMARK [2][-]{subsection.11.9.9}{Kindesmi\337handlung}{section.11.9}
\BOOKMARK [1][-]{section.11.10}{Psychiatrische Notf\344lle}{chapter.11}
\BOOKMARK [2][-]{Item.126}{Symptome}{section.11.10}
\BOOKMARK [3][-]{section*.72}{M\366gliche Ursachen}{Item.126}
\BOOKMARK [4][-]{section*.72}{Ma\337nahmen:}{Item.126}
\BOOKMARK [4][-]{section*.72}{Ma\337nahmen:}{Item.126}
\BOOKMARK [2][-]{subsection.11.10.1}{Panikattacke}{section.11.10}
\BOOKMARK [2][-]{subsection.11.10.2}{Stupor = Erschlaffung}{section.11.10}
\BOOKMARK [3][-]{section*.73}{Symptome}{subsection.11.10.2}
\BOOKMARK [2][-]{subsection.11.10.3}{Alkohol- und Medikamentenentzug}{section.11.10}
\BOOKMARK [3][-]{section*.74}{Symptome}{subsection.11.10.3}
\BOOKMARK [4][-]{section*.74}{Anamnese}{subsection.11.10.3}
\BOOKMARK [4][-]{section*.74}{Therapie}{subsection.11.10.3}
\BOOKMARK [4][-]{section*.74}{Notarztindikation}{subsection.11.10.3}
\BOOKMARK [1][-]{section.11.11}{Systemische Hitzesch\344den}{chapter.11}
\BOOKMARK [2][-]{subsection.11.11.1}{Hitzekollaps}{section.11.11}
\BOOKMARK [2][-]{subsection.11.11.2}{Hitzeersch\366pfung}{section.11.11}
\BOOKMARK [3][-]{section*.75}{Therapie}{subsection.11.11.2}
\BOOKMARK [2][-]{subsection.11.11.3}{Hitzschlag}{section.11.11}
\BOOKMARK [3][-]{section*.76}{Ma\337nahmen}{subsection.11.11.3}
\BOOKMARK [2][-]{subsection.11.11.4}{Sonnenstich}{section.11.11}
\BOOKMARK [3][-]{section*.77}{Ma\337nahmen}{subsection.11.11.4}
\BOOKMARK [1][-]{section.11.12}{Unterk\374hlung}{chapter.11}
\BOOKMARK [2][-]{section*.78}{Phasen}{section.11.12}
\BOOKMARK [3][-]{section*.78}{Ma\337nahmen}{section.11.12}
\BOOKMARK [1][-]{section.11.13}{Vergiftungen}{chapter.11}
\BOOKMARK [2][-]{Item.132}{Ursachen:}{section.11.13}
\BOOKMARK [3][-]{subsubsection.11.13.0.1}{Intoxikation mit Alkohol}{Item.132}
\BOOKMARK [4][-]{section*.79}{Entzugsdelir}{subsubsection.11.13.0.1}
\BOOKMARK [3][-]{subsubsection.11.13.0.2}{Korrosiva \(S\344uren/Laugen\):}{Item.132}
\BOOKMARK [4][-]{section*.80}{Symptome bei Ingestion:}{subsubsection.11.13.0.2}
\BOOKMARK [3][-]{subsubsection.11.13.0.3}{Ver\344tzung der Haut}{Item.132}
\BOOKMARK [3][-]{subsubsection.11.13.0.4}{Ver\344tzung der Augen}{Item.132}
\BOOKMARK [4][-]{section*.81}{Schaumbildner \(Wasch-/Putzmittel\)}{subsubsection.11.13.0.4}
\BOOKMARK [2][-]{subsection.11.13.1}{Stickgase}{section.11.13}
\BOOKMARK [3][-]{section*.82}{Kohlenmonoxid \(CO\)}{subsection.11.13.1}
\BOOKMARK [4][-]{figure.11.21}{Kohlendioxid \(CO2\) }{subsection.11.13.1}
\BOOKMARK [4][-]{figure.11.21}{Vorkommen}{subsection.11.13.1}
\BOOKMARK [0][-]{chapter.12}{Traumatologische Notf\344lle --- \040RS VII}{part.2}
\BOOKMARK [1][-]{section*.84}{Trauma}{chapter.12}
\BOOKMARK [1][-]{section.12.1}{Wunden}{chapter.12}
\BOOKMARK [2][-]{subsection.12.1.1}{Mechanische Wunden}{section.12.1}
\BOOKMARK [3][-]{subsubsection.12.1.1.1}{Stichwunden}{subsection.12.1.1}
\BOOKMARK [3][-]{subsubsection.12.1.1.2}{Schnittwunden}{subsection.12.1.1}
\BOOKMARK [3][-]{subsubsection.12.1.1.3}{Ri\337wunden}{subsection.12.1.1}
\BOOKMARK [3][-]{subsubsection.12.1.1.4}{Quetschwunden}{subsection.12.1.1}
\BOOKMARK [3][-]{subsubsection.12.1.1.5}{Ri\337quetschwunden \(RQW\)}{subsection.12.1.1}
\BOOKMARK [3][-]{subsubsection.12.1.1.6}{Schu\337wunden}{subsection.12.1.1}
\BOOKMARK [2][-]{subsection.12.1.2}{Thermische Wunden}{section.12.1}
\BOOKMARK [3][-]{subsubsection.12.1.2.1}{Brandwunden}{subsection.12.1.2}
\BOOKMARK [3][-]{subsubsection.12.1.2.2}{Erfrierungen}{subsection.12.1.2}
\BOOKMARK [2][-]{subsection.12.1.3}{Chemische Wunden}{section.12.1}
\BOOKMARK [3][-]{subsubsection.12.1.3.1}{Ver\344tzungen}{subsection.12.1.3}
\BOOKMARK [2][-]{subsection.12.1.4}{Stichverletzungen}{section.12.1}
\BOOKMARK [1][-]{section.12.2}{Sch\344del-Hirn-Trauma \(SHT\)}{chapter.12}
\BOOKMARK [2][-]{section*.85}{Arten}{section.12.2}
\BOOKMARK [3][-]{section*.85}{Begleitende Verletzungen}{section.12.2}
\BOOKMARK [2][-]{subsection.12.2.1}{Gedecktes SHT}{section.12.2}
\BOOKMARK [3][-]{section*.86}{Klassifikation}{subsection.12.2.1}
\BOOKMARK [3][-]{subsubsection.12.2.1.1}{Gehirnersch\374tterung \(Commotio \(cerebri\) -- SHT 1\260}{subsection.12.2.1}
\BOOKMARK [3][-]{subsubsection.12.2.1.2}{Gehirnprellung \(Contusio \(cerebri\) -- SHT 2\260}{subsection.12.2.1}
\BOOKMARK [3][-]{subsubsection.12.2.1.3}{Gehirnquetschung -- SHT III\260}{subsection.12.2.1}
\BOOKMARK [2][-]{subsection.12.2.2}{Intrakranielle Blutungen}{section.12.2}
\BOOKMARK [3][-]{section*.87}{Luzides Intervall \(lichtes Intervall\)}{subsection.12.2.2}
\BOOKMARK [3][-]{subsubsection.12.2.2.1}{Epidurale Blutung}{subsection.12.2.2}
\BOOKMARK [3][-]{subsubsection.12.2.2.2}{Subdurale Blutung}{subsection.12.2.2}
\BOOKMARK [3][-]{subsubsection.12.2.2.3}{Subarachnoidale Blutung -- SAB}{subsection.12.2.2}
\BOOKMARK [2][-]{subsection.12.2.3}{Offenes SHT}{section.12.2}
\BOOKMARK [2][-]{subsection.12.2.4}{Spezielle Diagnostik beim SHT}{section.12.2}
\BOOKMARK [3][-]{section*.88}{Neurologische Beurteilung}{subsection.12.2.4}
\BOOKMARK [4][-]{section*.88}{Traumacheck}{subsection.12.2.4}
\BOOKMARK [4][-]{section*.88}{Spezielle Ma\337nahmen beim SHT --- Allgemein}{subsection.12.2.4}
\BOOKMARK [4][-]{section*.88}{Spezielle Ma\337nahmen beim SHT --- Gehirnersch\374tterung}{subsection.12.2.4}
\BOOKMARK [4][-]{section*.88}{Spezielle Ma\337nahmen beim SHT --- Gehirnquetschung}{subsection.12.2.4}
\BOOKMARK [4][-]{section*.88}{Spezielle Ma\337nahmen beim SHT --- Gehirnersch\374tterung}{subsection.12.2.4}
\BOOKMARK [4][-]{section*.88}{Spezielle Ma\337nahmen beim SHT --- Gehirnersch\374tterung}{subsection.12.2.4}
\BOOKMARK [1][-]{section.12.3}{Thoraxtrauma}{chapter.12}
\BOOKMARK [2][-]{section*.89}{Thoraxtrauma -- allgemeine Symptome}{section.12.3}
\BOOKMARK [3][-]{section*.89}{Thoraxtrauma -- spezifische Symptome}{section.12.3}
\BOOKMARK [3][-]{subsubsection.12.3.0.1}{Pneumothorax}{section.12.3}
\BOOKMARK [4][-]{figure.12.14}{Spezielle Ma\337nahmen --- Pneumothorax}{subsubsection.12.3.0.1}
\BOOKMARK [1][-]{section.12.4}{Bauchtrauma}{chapter.12}
\BOOKMARK [2][-]{subsection.12.4.1}{Offenes Bauchtrauma}{section.12.4}
\BOOKMARK [3][-]{figure.12.15}{Spezielle Ma\337nahmen beim offenen Bauchtrauma}{subsection.12.4.1}
\BOOKMARK [2][-]{subsection.12.4.2}{Geschlossenes Bauchtrauma}{section.12.4}
\BOOKMARK [3][-]{section*.90}{Gefahren}{subsection.12.4.2}
\BOOKMARK [4][-]{section*.90}{Symptome}{subsection.12.4.2}
\BOOKMARK [3][-]{subsubsection.12.4.2.1}{Milzruptur}{subsection.12.4.2}
\BOOKMARK [4][-]{section*.91}{Prim\344re Milzruptur}{subsubsection.12.4.2.1}
\BOOKMARK [4][-]{section*.91}{Sekund\344re Milzruptur}{subsubsection.12.4.2.1}
\BOOKMARK [3][-]{subsubsection.12.4.2.2}{Weitere interne Verletzungen}{subsection.12.4.2}
\BOOKMARK [4][-]{section*.92}{Aortenruptur}{subsubsection.12.4.2.2}
\BOOKMARK [4][-]{section*.92}{Nierenruptur}{subsubsection.12.4.2.2}
\BOOKMARK [4][-]{section*.92}{Leberuptur}{subsubsection.12.4.2.2}
\BOOKMARK [2][-]{subsection.12.4.3}{Beckentrauma}{section.12.4}
\BOOKMARK [3][-]{section*.93}{Spezielle Ma\337nahmen bei Beckentraumen}{subsection.12.4.3}
\BOOKMARK [1][-]{section.12.5}{Wirbels\344ulenverletzungen}{chapter.12}
\BOOKMARK [2][-]{section*.94}{Typische Unfallmechanismen}{section.12.5}
\BOOKMARK [3][-]{section*.94}{Gefahren}{section.12.5}
\BOOKMARK [3][-]{subsubsection.12.5.0.1}{Schleudertrauma, Peitschenschlag}{section.12.5}
\BOOKMARK [3][-]{subsubsection.12.5.0.2}{Querschnittssydrom}{section.12.5}
\BOOKMARK [3][-]{subsubsection.12.5.0.3}{Spinaler Schock}{section.12.5}
\BOOKMARK [1][-]{section.12.6}{Polytrauma}{chapter.12}
\BOOKMARK [2][-]{section*.95}{Spezielle Ma\337nahmen bei Polytrauma}{section.12.6}
\BOOKMARK [3][-]{subsubsection.12.6.0.4}{Polytrauma beim Kind}{section.12.6}
\BOOKMARK [3][-]{subsubsection.12.6.0.5}{Der Unfallort}{section.12.6}
\BOOKMARK [1][-]{section.12.7}{Extremit\344tenverletzungen}{chapter.12}
\BOOKMARK [2][-]{subsection.12.7.1}{Verstauchung}{section.12.7}
\BOOKMARK [3][-]{section*.96}{Symptome}{subsection.12.7.1}
\BOOKMARK [4][-]{section*.96}{Spezielle Massnahmen bei einer Verstauchung}{subsection.12.7.1}
\BOOKMARK [2][-]{subsection.12.7.2}{Verrenkung}{section.12.7}
\BOOKMARK [3][-]{section*.97}{Symptome}{subsection.12.7.2}
\BOOKMARK [4][-]{section*.97}{Spezielle Ma\337nahmen bei einer Verrenkung}{subsection.12.7.2}
\BOOKMARK [2][-]{subsection.12.7.3}{Knochenbr\374che}{section.12.7}
\BOOKMARK [3][-]{section*.98}{Arten:}{subsection.12.7.3}
\BOOKMARK [4][-]{section*.98}{Gefahren}{subsection.12.7.3}
\BOOKMARK [4][-]{section*.98}{Frakturzeichen}{subsection.12.7.3}
\BOOKMARK [4][-]{figure.12.16}{Spezielle Ma\337nahmen}{subsection.12.7.3}
\BOOKMARK [1][-]{section.12.8}{Verbrennungen}{chapter.12}
\BOOKMARK [2][-]{section*.99}{Neunerregel}{section.12.8}
\BOOKMARK [3][-]{section*.99}{Gradeinteilung}{section.12.8}
\BOOKMARK [4][-]{section*.100}{Spezielle Ma\337nahmen bei leichter Vebrennung}{section*.99}
\BOOKMARK [4][-]{section*.100}{Spezielle Ma\337nahmen bei gro\337fl\344chiger Vebrennung}{section*.99}
\BOOKMARK [4][-]{section*.100}{Was man besser nicht tun sollte \203}{section*.99}
\BOOKMARK [2][-]{subsection.12.8.1}{Inhalationstrauma}{section.12.8}
\BOOKMARK [3][-]{section*.101}{Leitsymptome}{subsection.12.8.1}
\BOOKMARK [4][-]{section*.101}{Spezielle Ma\337nahmen beim Inhalationstrauma}{subsection.12.8.1}
\BOOKMARK [1][-]{section.12.9}{Erfrierungen}{chapter.12}
\BOOKMARK [2][-]{section*.102}{Stadien}{section.12.9}
\BOOKMARK [3][-]{section*.102}{Symptome}{section.12.9}
\BOOKMARK [4][-]{section*.103}{Spezielle Ma\337nahmen bei Erfrierungen}{section*.102}
\BOOKMARK [1][-]{section.12.10}{Unf\344lle durch Strom- und Blitzschlag}{chapter.12}
\BOOKMARK [2][-]{section*.104}{Symptome}{section.12.10}
\BOOKMARK [3][-]{section*.104}{Spezielle Ma\337nahmen}{section.12.10}
\BOOKMARK [0][-]{chapter.13}{Hygiene --- \040RS II}{part.2}
\BOOKMARK [1][-]{section.13.1}{Grundlagen}{chapter.13}
\BOOKMARK [2][-]{subsection.13.1.1}{Entz\374ndung}{section.13.1}
\BOOKMARK [3][-]{Item.142}{Ausl\366ser}{subsection.13.1.1}
\BOOKMARK [4][-]{section*.105}{Anh\344ngsel \215-itis\216}{Item.142}
\BOOKMARK [4][-]{section*.105}{Die wichtigsten \334bertragungswege}{Item.142}
\BOOKMARK [4][-]{section*.105}{}{Item.142}
\BOOKMARK [4][-]{section*.105}{Kreuzinfektion}{Item.142}
\BOOKMARK [2][-]{subsection.13.1.2}{Die wichtigsten Erreger}{section.13.1}
\BOOKMARK [3][-]{subsubsection.13.1.2.1}{Bakterien}{subsection.13.1.2}
\BOOKMARK [4][-]{section*.106}{Bakterien und Antibiotika}{subsubsection.13.1.2.1}
\BOOKMARK [4][-]{figure.13.1}{Bakterien und Pathogenit\344t}{subsubsection.13.1.2.1}
\BOOKMARK [3][-]{subsubsection.13.1.2.2}{Viren}{subsection.13.1.2}
\BOOKMARK [1][-]{section.13.2}{Wichtige Krankheitsbilder}{chapter.13}
\BOOKMARK [2][-]{subsection.13.2.1}{Grippe -- Influenza}{section.13.2}
\BOOKMARK [3][-]{section*.107}{Symptome}{subsection.13.2.1}
\BOOKMARK [2][-]{subsection.13.2.2}{Grippaler Infekt}{section.13.2}
\BOOKMARK [2][-]{subsection.13.2.3}{Wundstarrkrampf -- Tetanus}{section.13.2}
\BOOKMARK [3][-]{figure.13.2}{Tetanus Impfschutz}{subsection.13.2.3}
\BOOKMARK [2][-]{subsection.13.2.4}{Tuberkulose}{section.13.2}
\BOOKMARK [2][-]{subsection.13.2.5}{HIV - Humanes Immundefizienz Virus}{section.13.2}
\BOOKMARK [3][-]{section*.108}{\334bertragung}{subsection.13.2.5}
\BOOKMARK [4][-]{section*.108}{Test}{subsection.13.2.5}
\BOOKMARK [4][-]{section*.108}{AIDS}{subsection.13.2.5}
\BOOKMARK [4][-]{section*.108}{Therapie}{subsection.13.2.5}
\BOOKMARK [4][-]{section*.108}{Prophylaxe}{subsection.13.2.5}
\BOOKMARK [2][-]{subsection.13.2.6}{\(Virale\) Hepatitis}{section.13.2}
\BOOKMARK [3][-]{section*.109}{Impfung}{subsection.13.2.6}
\BOOKMARK [4][-]{section*.109}{Klinik und Verlauf}{subsection.13.2.6}
\BOOKMARK [3][-]{subsubsection.13.2.6.1}{Hepatitis-A - Hepatitis-A-Virus \(HAV\)}{subsection.13.2.6}
\BOOKMARK [3][-]{subsubsection.13.2.6.2}{Hepatitis-B - Hepatitis-B-Virus \(HBV\)}{subsection.13.2.6}
\BOOKMARK [3][-]{subsubsection.13.2.6.3}{Hepatitis C - Hepatitis-C-Virus \(HCV\)}{subsection.13.2.6}
\BOOKMARK [2][-]{subsection.13.2.7}{Sepsis}{section.13.2}
\BOOKMARK [3][-]{section*.110}{Klinik}{subsection.13.2.7}
\BOOKMARK [2][-]{subsection.13.2.8}{Multiresistente Keime}{section.13.2}
\BOOKMARK [3][-]{subsubsection.13.2.8.1}{MRSA -- Multi-Resistenter Staphylococcus aureus}{subsection.13.2.8}
\BOOKMARK [4][-]{section*.111}{MRSA-Transport -- Allgemeine Ma\337nahmen}{subsubsection.13.2.8.1}
\BOOKMARK [1][-]{section.13.3}{Desinfektion}{chapter.13}
\BOOKMARK [2][-]{section*.112}{Hygieneplan - Hygienebeauftragter}{section.13.3}
\BOOKMARK [3][-]{subsubsection.13.3.0.2}{Pers\366nliche Hygiene}{section.13.3}
\BOOKMARK [3][-]{subsubsection.13.3.0.3}{Fl\344chen- und Wischdesinfektion}{section.13.3}
\BOOKMARK [3][-]{subsubsection.13.3.0.4}{Ger\344tedesinfektion}{section.13.3}
\BOOKMARK [3][-]{subsubsection.13.3.0.5}{Hygienische H\344ndedesinfektion}{section.13.3}
\BOOKMARK [3][-]{subsubsection.13.3.0.6}{\326ffnen von sterilem Material}{section.13.3}
\BOOKMARK [3][-]{subsubsection.13.3.0.7}{Selbstschutz}{section.13.3}
\BOOKMARK [4][-]{section*.113}{Kontamed, Sharp, Gelbe Box ...}{subsubsection.13.3.0.7}
\BOOKMARK [3][-]{subsubsection.13.3.0.8}{Wundreinigung}{section.13.3}
\BOOKMARK [1][-]{section.13.4}{Besondere Verhaltensweisen}{chapter.13}
\BOOKMARK [2][-]{subsection.13.4.1}{Nadelstichverletzungen}{section.13.4}
\BOOKMARK [3][-]{subsubsection.13.4.1.1}{MRSA und andere Resistente Keime}{subsection.13.4.1}
\BOOKMARK [0][-]{chapter.14}{Katastrophen, Gro\337schadensereignisse, Gefahrengutunfall --- \040RS XI}{part.2}
\BOOKMARK [0][-]{chapter.15}{Fallbeispiele und Arbeitsaufgaben}{part.2}
\BOOKMARK [-1][-]{part.3}{ILS: Notfallrettung Grundlagen}{}
\BOOKMARK [0][-]{chapter.16}{Anamnese und Untersuchung}{part.3}
\BOOKMARK [0][-]{chapter.17}{MPG}{part.3}
\BOOKMARK [0][-]{chapter.18}{Megacodetraining}{part.3}
\BOOKMARK [-1][-]{part.4}{ILS: NFS-Aufbaumodul}{}
\BOOKMARK [-1][-]{part.5}{ALS: Arzneimittel}{}
\BOOKMARK [-1][-]{part.6}{ALS: Minimalinvasive T\344tigkeiten und Behandlung}{}
\BOOKMARK [-1][-]{part.7}{Anhang}{}
\BOOKMARK [0][-]{chapter.19}{Glossar --- Begriffserkl\344rungen}{part.7}
\BOOKMARK [0][-]{chapter.20}{Impressum, Hinweise}{part.7}
