\BOOKMARK [-1][-]{part.1}{T\344tigkeitsbild und Orientierung}{}
\BOOKMARK [-1][-]{part.2}{Betriebsinterne Regelungen}{}
\BOOKMARK [-1][-]{part.3}{90\045 fertig [RS III] Rechtliche Grundlagen}{}
\BOOKMARK [0][-]{chapter.3.1}{Allgemeine Rechtsgrundlagen}{part.3}
\BOOKMARK [1][-]{section.3.1.1}{Struktur der \366sterreichischen Rechtsordnung}{chapter.3.1}
\BOOKMARK [1][-]{section.3.1.2}{Vertragsverh\344ltnis im Rettungswesen}{chapter.3.1}
\BOOKMARK [1][-]{section.3.1.3}{Strafbarkeitspr\374fung}{chapter.3.1}
\BOOKMARK [0][-]{chapter.3.2}{Ein langer Dienst}{part.3}
\BOOKMARK [1][-]{section.3.2.1}{Teil A: Gefahrenbek\344mpfung}{chapter.3.2}
\BOOKMARK [2][-]{subsection.3.2.1.1}{Fall 1. Randalierender Patient}{section.3.2.1}
\BOOKMARK [2][-]{subsection.3.2.1.2}{Fall 2. Gefahr durch Hund}{section.3.2.1}
\BOOKMARK [1][-]{section.3.2.2}{Teil B: Heilbehandlung}{chapter.3.2}
\BOOKMARK [2][-]{subsection.3.2.2.1}{Fall 3. Blutzuckermessung = Heilbehandlung}{section.3.2.2}
\BOOKMARK [1][-]{section.3.2.3}{Teil C: Selbstbestimmungsrecht}{chapter.3.2}
\BOOKMARK [2][-]{subsection.3.2.3.1}{Fall 4. Aufkl\344rung und Einwilligung}{section.3.2.3}
\BOOKMARK [2][-]{subsection.3.2.3.2}{Fall 5. Patientenverf\374gung}{section.3.2.3}
\BOOKMARK [1][-]{section.3.2.4}{Teil D: Rechte und Pflichten des Sanit\344ters}{chapter.3.2}
\BOOKMARK [2][-]{subsection.3.2.4.1}{Fall 6. Unterlassung der Notarztnachforderung}{section.3.2.4}
\BOOKMARK [2][-]{subsection.3.2.4.2}{Fall 7. Sanit\344terkompetenzen}{section.3.2.4}
\BOOKMARK [2][-]{subsection.3.2.4.3}{Fall 8. Rechtswidrige Anordnung durch Notarzt}{section.3.2.4}
\BOOKMARK [2][-]{subsection.3.2.4.4}{Fall 9. Dokumentationspflicht}{section.3.2.4}
\BOOKMARK [2][-]{subsection.3.2.4.5}{Fall 10. Verschwiegenheits- und Auskunftspflicht}{section.3.2.4}
\BOOKMARK [2][-]{subsection.3.2.4.6}{Fall 11. Fortbildungs- und Rezertifizierungspflicht}{section.3.2.4}
\BOOKMARK [1][-]{section.3.2.5}{Teil E: Schadenersatz}{chapter.3.2}
\BOOKMARK [2][-]{subsection.3.2.5.1}{Fall 12. Verletzung des Pat. durch Sanit\344ter:}{section.3.2.5}
\BOOKMARK [2][-]{subsection.3.2.5.2}{Fall 13. Sachbesch\344digung}{section.3.2.5}
\BOOKMARK [1][-]{section.3.2.6}{Teil F: Behandlungspflicht}{chapter.3.2}
\BOOKMARK [2][-]{subsection.3.2.6.1}{Fall 14. Behandlungspflicht von Krankenanstalten, \304rzten, Sanit\344tern und Durchschnittsb\374rgern:}{section.3.2.6}
\BOOKMARK [1][-]{section.3.2.7}{Teil G: Meldepflichtenrecht}{chapter.3.2}
\BOOKMARK [2][-]{subsection.3.2.7.1}{Fall 15. Ansteckende Krankheiten}{section.3.2.7}
\BOOKMARK [2][-]{subsection.3.2.7.2}{Fall 16. Strafbare Handlungen}{section.3.2.7}
\BOOKMARK [1][-]{section.3.2.8}{Teil H: Stra\337enordnung}{chapter.3.2}
\BOOKMARK [2][-]{subsection.3.2.8.1}{Fall 17. Blaulichtverwendung}{section.3.2.8}
\BOOKMARK [-1][-]{part.4}{[RS I] Erste Hilfe und erweiterte Erste Hilfe}{}
\BOOKMARK [-1][-]{part.5}{[RS IX] Ger\344telehre und Sanit\344tstechnik}{}
\BOOKMARK [-1][-]{part.6}{[RS XIII] Untersuchung und Anamnese}{}
\BOOKMARK [-1][-]{part.7}{Anatomie und Physiologie}{}
\BOOKMARK [0][-]{chapter.7.1}{Das Herz}{part.7}
\BOOKMARK [0][-]{chapter.7.2}{Die Atmung}{part.7}
\BOOKMARK [-1][-]{part.8}{[RS V] Vitalfunktionen}{}
\BOOKMARK [-1][-]{part.9}{[RS VI] Krankheiten und Notf\344lle}{}
\BOOKMARK [0][-]{chapter.9.1}{Einf\374hrung in die Medizin}{part.9}
\BOOKMARK [0][-]{chapter.9.2}{Herz-Kreislaufst\366rungen}{part.9}
\BOOKMARK [1][-]{section.9.2.1}{Herzinsuffizienz}{chapter.9.2}
\BOOKMARK [1][-]{section.9.2.2}{Koronare Herzkrankheit und Akutes Koronarsyndrom}{chapter.9.2}
\BOOKMARK [2][-]{subsection.9.2.2.1}{Angina pectoris}{section.9.2.2}
\BOOKMARK [2][-]{subsection.9.2.2.2}{Herzinfarkt - Myokardinfarkt \(MCI\)}{section.9.2.2}
\BOOKMARK [1][-]{section.9.2.3}{ Herzrhythmusst\366rungen }{chapter.9.2}
\BOOKMARK [2][-]{section*.127}{Kammerflimmern}{section.9.2.3}
\BOOKMARK [3][-]{section*.128}{Pulslose Ventrikul\344re Tachkardie}{section*.127}
\BOOKMARK [4][-]{section*.129}{Asystolie}{section*.128}
\BOOKMARK [5][-]{section*.130}{}{section*.129}
\BOOKMARK [5][-]{section*.131}{Vorhofflimmern}{section*.129}
\BOOKMARK [4][-]{section*.132}{Zu schnell oder zu langsam: Tachy- und Bradykardie}{section*.128}
\BOOKMARK [5][-]{section*.133}{Bradykardie }{section*.132}
\BOOKMARK [5][-]{section*.134}{Tachykardie }{section*.132}
\BOOKMARK [1][-]{section.9.2.4}{ Hypotonie}{chapter.9.2}
\BOOKMARK [2][-]{section*.140}{Kollaps, Synkope}{section.9.2.4}
\BOOKMARK [1][-]{section.9.2.5}{ Hypertonie}{chapter.9.2}
\BOOKMARK [2][-]{subsection.9.2.5.1}{Hypertensive Krise / Hypertensiver \040Notfall}{section.9.2.5}
\BOOKMARK [1][-]{section.9.2.6}{Arterieller Gef\344\337verschlu\337}{chapter.9.2}
\BOOKMARK [1][-]{section.9.2.7}{Tiefe Venenthrombose}{chapter.9.2}
\BOOKMARK [0][-]{chapter.9.3}{Respiratorische / Pulmologische \040Notf\344lle}{part.9}
\BOOKMARK [1][-]{section.9.3.1}{ Mechanische Verlegung}{chapter.9.3}
\BOOKMARK [1][-]{section.9.3.2}{ Asthma bronchiale}{chapter.9.3}
\BOOKMARK [1][-]{section.9.3.3}{ COPD - Chronic obstructing pulmonary disease}{chapter.9.3}
\BOOKMARK [1][-]{section.9.3.4}{ Lungenembolie}{chapter.9.3}
\BOOKMARK [0][-]{chapter.9.4}{Neurologische Notf\344lle}{part.9}
\BOOKMARK [1][-]{section*.190}{Petit mal - Anfall}{chapter.9.4}
\BOOKMARK [2][-]{section*.191}{Grand mal - Anfall}{section*.190}
\BOOKMARK [3][-]{section*.193}{Status epilepticus }{section*.191}
\BOOKMARK [4][-]{section*.197}{Hyperventilationstetanie }{section*.193}
\BOOKMARK [0][-]{chapter.9.5}{Metabolische St\366rungen \(Stoffwechselst\366rungen\)}{part.9}
\BOOKMARK [1][-]{section*.203}{Diabetes \040mellitus I}{chapter.9.5}
\BOOKMARK [2][-]{section*.205}{Diabetes \040mellitus II}{section*.203}
\BOOKMARK [0][-]{chapter.9.6}{Abdominelle Notf\344lle}{part.9}
\BOOKMARK [1][-]{section*.233}{Virushepatitis}{chapter.9.6}
\BOOKMARK [0][-]{chapter.9.7}{Urologische Notf\344lle}{part.9}
\BOOKMARK [0][-]{chapter.9.8}{Schwangerschaft und geburtshilfliche Notf\344lle}{part.9}
\BOOKMARK [1][-]{section*.253}{Neugeborenes - Vitalit\344tsbeurteilung}{chapter.9.8}
\BOOKMARK [2][-]{section*.255}{Eileiterschwangerschaft \(Tubaria \)}{section*.253}
\BOOKMARK [3][-]{section*.256}{Abortus}{section*.255}
\BOOKMARK [4][-]{section*.259}{Vorzeitige Plazental\366sung}{section*.256}
\BOOKMARK [4][-]{section*.262}{Vena-cava-Syndrom}{section*.256}
\BOOKMARK [4][-]{section*.264}{EPH-Gestose -- Pr\344eklampsie - Eklampsie}{section*.256}
\BOOKMARK [4][-]{section*.266}{Vorzeitiger \040Fruchtwasserabgang}{section*.256}
\BOOKMARK [4][-]{section*.272}{Notf\344lle - Uterusatonie}{section*.256}
\BOOKMARK [4][-]{section*.274}{Uterusruptur}{section*.256}
\BOOKMARK [4][-]{section*.276}{Asphyxie}{section*.256}
\BOOKMARK [4][-]{section*.278}{Plazenta l\366st sich nicht}{section*.256}
\BOOKMARK [4][-]{section*.280}{Vaginale Blutungen}{section*.256}
\BOOKMARK [0][-]{chapter.9.9}{P\344diatrie - Kinderheilkunde}{part.9}
\BOOKMARK [1][-]{section*.283}{Anatomische und physiologische \040Besonderheiten}{chapter.9.9}
\BOOKMARK [2][-]{section*.300}{Krampfanf\344lle:}{section*.283}
\BOOKMARK [3][-]{section*.301}{Fieberkr\344mpfe}{section*.300}
\BOOKMARK [0][-]{chapter.9.10}{Psychiatrische Notf\344lle}{part.9}
\BOOKMARK [0][-]{chapter.9.11}{Systemische Hitzesch\344den}{part.9}
\BOOKMARK [0][-]{chapter.9.12}{Unterk\374hlung}{part.9}
\BOOKMARK [0][-]{chapter.9.13}{Vergiftungen}{part.9}
\BOOKMARK [1][-]{section*.334}{Alkohol}{chapter.9.13}
\BOOKMARK [2][-]{section*.337}{Entzugsdelir}{section*.334}
\BOOKMARK [3][-]{section*.338}{Korrosiva \(S\344uren/Laugen\):}{section*.337}
\BOOKMARK [4][-]{section*.339}{Symptome bei Ingestion:}{section*.338}
\BOOKMARK [5][-]{section*.341}{Ver\344tzung der Haut}{section*.339}
\BOOKMARK [5][-]{section*.343}{Ver\344tzung der Augen}{section*.339}
\BOOKMARK [4][-]{section*.345}{Schaumbildner \(Wasch-/Putzmittel\)}{section*.338}
\BOOKMARK [4][-]{section*.349}{Kohlenmonoxid \(CO\)}{section*.338}
\BOOKMARK [4][-]{section*.352}{Kohlendioxid \(CO2\) }{section*.338}
\BOOKMARK [-1][-]{part.10}{[RS VII] Traumatologische Notf\344lle}{}
\BOOKMARK [-1][-]{part.11}{RS II] Hygiene }{}
\BOOKMARK [-1][-]{part.12}{[RS XI] Katastrophen, Gro\337schadensereignisse, Gefahrengutunfall}{}
\BOOKMARK [-1][-]{part.13}{Fallbeispiele und Arbeitsaufgaben}{}
\BOOKMARK [-1][-]{part.14}{ILS: Notfallrettung Grundlagen}{}
\BOOKMARK [0][-]{subsection.14.0.0.1}{Anamnese und Untersuchung}{part.14}
\BOOKMARK [1][-]{subsection.14.0.0.2}{Megacodetraining}{subsection.14.0.0.1}
\BOOKMARK [2][-]{subsection.14.0.0.3}{MPG}{subsection.14.0.0.2}
\BOOKMARK [-1][-]{part.15}{ILS: NFS-Aufbaumodul}{}
\BOOKMARK [-1][-]{part.16}{ILS: Arzneimittel}{}
\BOOKMARK [-1][-]{part.17}{ILS: Minimalinvasive T\344tigkeiten und Behandlung}{}
\BOOKMARK [-1][-]{part.18}{Glossar --- Begriffserkl\344rungen}{}
